<?xml version="1.0" encoding="UTF-8"?><testsuite errors="1" failures="0" name="Purchase in plazavea store" skipped="0" tests="1" time="7.04" timestamp="2019-08-24 12:43:33"><testcase name="As a plazavea user, I want to enter its website and purchase a product"><error type="java.lang.NullPointerException"/><system-err>null&#13;
org.apache.commons.lang3.SystemUtils.isJavaVersionAtLeast(SystemUtils.java:1654)&#13;
org.apache.commons.lang3.ClassUtils.isAssignable(ClassUtils.java:760)&#13;
co.com.test.tasks.GetInto.webSite(GetInto.java:24)&#13;
co.com.test.stepdefinitions.ProductsPurchaseStepsDefinitions.thatAUserEnteredPlazaveaWebsite(ProductsPurchaseStepsDefinitions.java:29)&#13;
✽.that a user entered plazavea website(src/test/resources/features/productsPurchase.feature:4)&#13;
</system-err></testcase></testsuite>